The system is: Linux - 4.19.66-1-MANJARO - x86_64
Compiling the C compiler identification source file "CMakeCCompilerId.c" succeeded.
Compiler: /usr/bin/gcc-8 
Build flags: 
Id flags:  

The output was:
0


Compilation of the C compiler identification source "CMakeCCompilerId.c" produced "a.out"

The C compiler identification is GNU, found in "/home/ozone/CLionProjects/TSiSA_05/cmake-build-debug/CMakeFiles/3.14.5/CompilerIdC/a.out"

Compiling the CXX compiler identification source file "CMakeCXXCompilerId.cpp" succeeded.
Compiler: /usr/bin/g++-8 
Build flags: 
Id flags:  

The output was:
0


Compilation of the CXX compiler identification source "CMakeCXXCompilerId.cpp" produced "a.out"

The CXX compiler identification is GNU, found in "/home/ozone/CLionProjects/TSiSA_05/cmake-build-debug/CMakeFiles/3.14.5/CompilerIdCXX/a.out"

Determining if the C compiler works passed with the following output:
Change Dir: /home/ozone/CLionProjects/TSiSA_05/cmake-build-debug/CMakeFiles/CMakeTmp

Run Build Command(s):/usr/bin/make cmTC_03bd4/fast 
/usr/bin/make -f CMakeFiles/cmTC_03bd4.dir/build.make CMakeFiles/cmTC_03bd4.dir/build
make[1]: вход в каталог «/home/ozone/CLionProjects/TSiSA_05/cmake-build-debug/CMakeFiles/CMakeTmp»
Building C object CMakeFiles/cmTC_03bd4.dir/testCCompiler.c.o
/usr/bin/gcc-8    -o CMakeFiles/cmTC_03bd4.dir/testCCompiler.c.o   -c /home/ozone/CLionProjects/TSiSA_05/cmake-build-debug/CMakeFiles/CMakeTmp/testCCompiler.c
Linking C executable cmTC_03bd4
/home/ozone/.local/share/JetBrains/Toolbox/apps/CLion/ch-0/192.6262.62/bin/cmake/linux/bin/cmake -E cmake_link_script CMakeFiles/cmTC_03bd4.dir/link.txt --verbose=1
/usr/bin/gcc-8      CMakeFiles/cmTC_03bd4.dir/testCCompiler.c.o  -o cmTC_03bd4 
make[1]: выход из каталога «/home/ozone/CLionProjects/TSiSA_05/cmake-build-debug/CMakeFiles/CMakeTmp»


Detecting C compiler ABI info compiled with the following output:
Change Dir: /home/ozone/CLionProjects/TSiSA_05/cmake-build-debug/CMakeFiles/CMakeTmp

Run Build Command(s):/usr/bin/make cmTC_e7579/fast 
/usr/bin/make -f CMakeFiles/cmTC_e7579.dir/build.make CMakeFiles/cmTC_e7579.dir/build
make[1]: Entering directory '/home/ozone/CLionProjects/TSiSA_05/cmake-build-debug/CMakeFiles/CMakeTmp'
Building C object CMakeFiles/cmTC_e7579.dir/CMakeCCompilerABI.c.o
/usr/bin/gcc-8   -v -o CMakeFiles/cmTC_e7579.dir/CMakeCCompilerABI.c.o   -c /home/ozone/.local/share/JetBrains/Toolbox/apps/CLion/ch-0/192.6262.62/bin/cmake/linux/share/cmake-3.14/Modules/CMakeCCompilerABI.c
Using built-in specs.
COLLECT_GCC=/usr/bin/gcc-8
Target: x86_64-pc-linux-gnu
Configured with: /build/gcc8/src/gcc/configure --prefix=/usr --libdir=/usr/lib --libexecdir=/usr/lib --mandir=/usr/share/man --infodir=/usr/share/info --with-bugurl=https://bugs.archlinux.org/ --enable-languages=c,c++,fortran,lto --enable-shared --enable-threads=posix --enable-libmpx --with-system-zlib --with-isl --enable-__cxa_atexit --disable-libunwind-exceptions --enable-clocale=gnu --disable-libstdcxx-pch --disable-libssp --enable-gnu-unique-object --enable-linker-build-id --enable-lto --enable-plugin --enable-install-libiberty --with-linker-hash-style=gnu --enable-gnu-indirect-function --disable-multilib --disable-werror --enable-checking=release --enable-default-pie --enable-default-ssp --enable-cet=auto --program-suffix=-8 --enable-version-specific-runtime-libs
Thread model: posix
gcc version 8.3.0 (GCC) 
COLLECT_GCC_OPTIONS='-v' '-o' 'CMakeFiles/cmTC_e7579.dir/CMakeCCompilerABI.c.o' '-c' '-mtune=generic' '-march=x86-64'
 /usr/lib/gcc/x86_64-pc-linux-gnu/8.3.0/cc1 -quiet -v /home/ozone/.local/share/JetBrains/Toolbox/apps/CLion/ch-0/192.6262.62/bin/cmake/linux/share/cmake-3.14/Modules/CMakeCCompilerABI.c -quiet -dumpbase CMakeCCompilerABI.c -mtune=generic -march=x86-64 -auxbase-strip CMakeFiles/cmTC_e7579.dir/CMakeCCompilerABI.c.o -version -o /tmp/cc3Dr92L.s
GNU C17 (GCC) version 8.3.0 (x86_64-pc-linux-gnu)
	compiled by GNU C version 8.3.0, GMP version 6.1.2, MPFR version 4.0.2, MPC version 1.1.0, isl version isl-0.21-GMP

GGC heuristics: --param ggc-min-expand=100 --param ggc-min-heapsize=131072
ignoring nonexistent directory "/usr/lib/gcc/x86_64-pc-linux-gnu/8.3.0/../../../../x86_64-pc-linux-gnu/include"
#include "..." search starts here:
#include <...> search starts here:
 /usr/lib/gcc/x86_64-pc-linux-gnu/8.3.0/include
 /usr/local/include
 /usr/lib/gcc/x86_64-pc-linux-gnu/8.3.0/include-fixed
 /usr/include
End of search list.
GNU C17 (GCC) version 8.3.0 (x86_64-pc-linux-gnu)
	compiled by GNU C version 8.3.0, GMP version 6.1.2, MPFR version 4.0.2, MPC version 1.1.0, isl version isl-0.21-GMP

GGC heuristics: --param ggc-min-expand=100 --param ggc-min-heapsize=131072
Compiler executable checksum: a54581f88a2682d45e0c305a3c60c498
COLLECT_GCC_OPTIONS='-v' '-o' 'CMakeFiles/cmTC_e7579.dir/CMakeCCompilerABI.c.o' '-c' '-mtune=generic' '-march=x86-64'
 as -v --64 -o CMakeFiles/cmTC_e7579.dir/CMakeCCompilerABI.c.o /tmp/cc3Dr92L.s
GNU assembler version 2.32 (x86_64-pc-linux-gnu) using BFD version (GNU Binutils) 2.32
COMPILER_PATH=/usr/lib/gcc/x86_64-pc-linux-gnu/8.3.0/:/usr/lib/gcc/x86_64-pc-linux-gnu/8.3.0/:/usr/lib/gcc/x86_64-pc-linux-gnu/:/usr/lib/gcc/x86_64-pc-linux-gnu/8.3.0/:/usr/lib/gcc/x86_64-pc-linux-gnu/
LIBRARY_PATH=/usr/lib/gcc/x86_64-pc-linux-gnu/8.3.0/:/usr/lib/gcc/x86_64-pc-linux-gnu/8.3.0/../../../../lib/:/lib/../lib/:/usr/lib/../lib/:/usr/lib/gcc/x86_64-pc-linux-gnu/8.3.0/../../../:/lib/:/usr/lib/
COLLECT_GCC_OPTIONS='-v' '-o' 'CMakeFiles/cmTC_e7579.dir/CMakeCCompilerABI.c.o' '-c' '-mtune=generic' '-march=x86-64'
Linking C executable cmTC_e7579
/home/ozone/.local/share/JetBrains/Toolbox/apps/CLion/ch-0/192.6262.62/bin/cmake/linux/bin/cmake -E cmake_link_script CMakeFiles/cmTC_e7579.dir/link.txt --verbose=1
/usr/bin/gcc-8     -v CMakeFiles/cmTC_e7579.dir/CMakeCCompilerABI.c.o  -o cmTC_e7579 
Using built-in specs.
COLLECT_GCC=/usr/bin/gcc-8
COLLECT_LTO_WRAPPER=/usr/lib/gcc/x86_64-pc-linux-gnu/8.3.0/lto-wrapper
Target: x86_64-pc-linux-gnu
Configured with: /build/gcc8/src/gcc/configure --prefix=/usr --libdir=/usr/lib --libexecdir=/usr/lib --mandir=/usr/share/man --infodir=/usr/share/info --with-bugurl=https://bugs.archlinux.org/ --enable-languages=c,c++,fortran,lto --enable-shared --enable-threads=posix --enable-libmpx --with-system-zlib --with-isl --enable-__cxa_atexit --disable-libunwind-exceptions --enable-clocale=gnu --disable-libstdcxx-pch --disable-libssp --enable-gnu-unique-object --enable-linker-build-id --enable-lto --enable-plugin --enable-install-libiberty --with-linker-hash-style=gnu --enable-gnu-indirect-function --disable-multilib --disable-werror --enable-checking=release --enable-default-pie --enable-default-ssp --enable-cet=auto --program-suffix=-8 --enable-version-specific-runtime-libs
Thread model: posix
gcc version 8.3.0 (GCC) 
COMPILER_PATH=/usr/lib/gcc/x86_64-pc-linux-gnu/8.3.0/:/usr/lib/gcc/x86_64-pc-linux-gnu/8.3.0/:/usr/lib/gcc/x86_64-pc-linux-gnu/:/usr/lib/gcc/x86_64-pc-linux-gnu/8.3.0/:/usr/lib/gcc/x86_64-pc-linux-gnu/
LIBRARY_PATH=/usr/lib/gcc/x86_64-pc-linux-gnu/8.3.0/:/usr/lib/gcc/x86_64-pc-linux-gnu/8.3.0/../../../../lib/:/lib/../lib/:/usr/lib/../lib/:/usr/lib/gcc/x86_64-pc-linux-gnu/8.3.0/../../../:/lib/:/usr/lib/
COLLECT_GCC_OPTIONS='-v' '-o' 'cmTC_e7579' '-mtune=generic' '-march=x86-64'
 /usr/lib/gcc/x86_64-pc-linux-gnu/8.3.0/collect2 -plugin /usr/lib/gcc/x86_64-pc-linux-gnu/8.3.0/liblto_plugin.so -plugin-opt=/usr/lib/gcc/x86_64-pc-linux-gnu/8.3.0/lto-wrapper -plugin-opt=-fresolution=/tmp/ccoHovSO.res -plugin-opt=-pass-through=-lgcc -plugin-opt=-pass-through=-lgcc_s -plugin-opt=-pass-through=-lc -plugin-opt=-pass-through=-lgcc -plugin-opt=-pass-through=-lgcc_s --build-id --eh-frame-hdr --hash-style=gnu -m elf_x86_64 -dynamic-linker /lib64/ld-linux-x86-64.so.2 -pie -o cmTC_e7579 /usr/lib/gcc/x86_64-pc-linux-gnu/8.3.0/../../../../lib/Scrt1.o /usr/lib/gcc/x86_64-pc-linux-gnu/8.3.0/../../../../lib/crti.o /usr/lib/gcc/x86_64-pc-linux-gnu/8.3.0/crtbeginS.o -L/usr/lib/gcc/x86_64-pc-linux-gnu/8.3.0 -L/usr/lib/gcc/x86_64-pc-linux-gnu/8.3.0/../../../../lib -L/lib/../lib -L/usr/lib/../lib -L/usr/lib/gcc/x86_64-pc-linux-gnu/8.3.0/../../.. CMakeFiles/cmTC_e7579.dir/CMakeCCompilerABI.c.o -lgcc --as-needed -lgcc_s --no-as-needed -lc -lgcc --as-needed -lgcc_s --no-as-needed /usr/lib/gcc/x86_64-pc-linux-gnu/8.3.0/crtendS.o /usr/lib/gcc/x86_64-pc-linux-gnu/8.3.0/../../../../lib/crtn.o
COLLECT_GCC_OPTIONS='-v' '-o' 'cmTC_e7579' '-mtune=generic' '-march=x86-64'
make[1]: Leaving directory '/home/ozone/CLionProjects/TSiSA_05/cmake-build-debug/CMakeFiles/CMakeTmp'


Parsed C implicit include dir info from above output: rv=done
  found start of include info
  found start of implicit include info
    add: [/usr/lib/gcc/x86_64-pc-linux-gnu/8.3.0/include]
    add: [/usr/local/include]
    add: [/usr/lib/gcc/x86_64-pc-linux-gnu/8.3.0/include-fixed]
    add: [/usr/include]
  end of search list found
  collapse include dir [/usr/lib/gcc/x86_64-pc-linux-gnu/8.3.0/include] ==> [/usr/lib/gcc/x86_64-pc-linux-gnu/8.3.0/include]
  collapse include dir [/usr/local/include] ==> [/usr/local/include]
  collapse include dir [/usr/lib/gcc/x86_64-pc-linux-gnu/8.3.0/include-fixed] ==> [/usr/lib/gcc/x86_64-pc-linux-gnu/8.3.0/include-fixed]
  collapse include dir [/usr/include] ==> [/usr/include]
  implicit include dirs: [/usr/lib/gcc/x86_64-pc-linux-gnu/8.3.0/include;/usr/local/include;/usr/lib/gcc/x86_64-pc-linux-gnu/8.3.0/include-fixed;/usr/include]


Parsed C implicit link information from above output:
  link line regex: [^( *|.*[/\])(ld|CMAKE_LINK_STARTFILE-NOTFOUND|([^/\]+-)?ld|collect2)[^/\]*( |$)]
  ignore line: [Change Dir: /home/ozone/CLionProjects/TSiSA_05/cmake-build-debug/CMakeFiles/CMakeTmp]
  ignore line: []
  ignore line: [Run Build Command(s):/usr/bin/make cmTC_e7579/fast ]
  ignore line: [/usr/bin/make -f CMakeFiles/cmTC_e7579.dir/build.make CMakeFiles/cmTC_e7579.dir/build]
  ignore line: [make[1]: Entering directory '/home/ozone/CLionProjects/TSiSA_05/cmake-build-debug/CMakeFiles/CMakeTmp']
  ignore line: [Building C object CMakeFiles/cmTC_e7579.dir/CMakeCCompilerABI.c.o]
  ignore line: [/usr/bin/gcc-8   -v -o CMakeFiles/cmTC_e7579.dir/CMakeCCompilerABI.c.o   -c /home/ozone/.local/share/JetBrains/Toolbox/apps/CLion/ch-0/192.6262.62/bin/cmake/linux/share/cmake-3.14/Modules/CMakeCCompilerABI.c]
  ignore line: [Using built-in specs.]
  ignore line: [COLLECT_GCC=/usr/bin/gcc-8]
  ignore line: [Target: x86_64-pc-linux-gnu]
  ignore line: [Configured with: /build/gcc8/src/gcc/configure --prefix=/usr --libdir=/usr/lib --libexecdir=/usr/lib --mandir=/usr/share/man --infodir=/usr/share/info --with-bugurl=https://bugs.archlinux.org/ --enable-languages=c,c++,fortran,lto --enable-shared --enable-threads=posix --enable-libmpx --with-system-zlib --with-isl --enable-__cxa_atexit --disable-libunwind-exceptions --enable-clocale=gnu --disable-libstdcxx-pch --disable-libssp --enable-gnu-unique-object --enable-linker-build-id --enable-lto --enable-plugin --enable-install-libiberty --with-linker-hash-style=gnu --enable-gnu-indirect-function --disable-multilib --disable-werror --enable-checking=release --enable-default-pie --enable-default-ssp --enable-cet=auto --program-suffix=-8 --enable-version-specific-runtime-libs]
  ignore line: [Thread model: posix]
  ignore line: [gcc version 8.3.0 (GCC) ]
  ignore line: [COLLECT_GCC_OPTIONS='-v' '-o' 'CMakeFiles/cmTC_e7579.dir/CMakeCCompilerABI.c.o' '-c' '-mtune=generic' '-march=x86-64']
  ignore line: [ /usr/lib/gcc/x86_64-pc-linux-gnu/8.3.0/cc1 -quiet -v /home/ozone/.local/share/JetBrains/Toolbox/apps/CLion/ch-0/192.6262.62/bin/cmake/linux/share/cmake-3.14/Modules/CMakeCCompilerABI.c -quiet -dumpbase CMakeCCompilerABI.c -mtune=generic -march=x86-64 -auxbase-strip CMakeFiles/cmTC_e7579.dir/CMakeCCompilerABI.c.o -version -o /tmp/cc3Dr92L.s]
  ignore line: [GNU C17 (GCC) version 8.3.0 (x86_64-pc-linux-gnu)]
  ignore line: [	compiled by GNU C version 8.3.0, GMP version 6.1.2, MPFR version 4.0.2, MPC version 1.1.0, isl version isl-0.21-GMP]
  ignore line: []
  ignore line: [GGC heuristics: --param ggc-min-expand=100 --param ggc-min-heapsize=131072]
  ignore line: [ignoring nonexistent directory "/usr/lib/gcc/x86_64-pc-linux-gnu/8.3.0/../../../../x86_64-pc-linux-gnu/include"]
  ignore line: [#include "..." search starts here:]
  ignore line: [#include <...> search starts here:]
  ignore line: [ /usr/lib/gcc/x86_64-pc-linux-gnu/8.3.0/include]
  ignore line: [ /usr/local/include]
  ignore line: [ /usr/lib/gcc/x86_64-pc-linux-gnu/8.3.0/include-fixed]
  ignore line: [ /usr/include]
  ignore line: [End of search list.]
  ignore line: [GNU C17 (GCC) version 8.3.0 (x86_64-pc-linux-gnu)]
  ignore line: [	compiled by GNU C version 8.3.0, GMP version 6.1.2, MPFR version 4.0.2, MPC version 1.1.0, isl version isl-0.21-GMP]
  ignore line: []
  ignore line: [GGC heuristics: --param ggc-min-expand=100 --param ggc-min-heapsize=131072]
  ignore line: [Compiler executable checksum: a54581f88a2682d45e0c305a3c60c498]
  ignore line: [COLLECT_GCC_OPTIONS='-v' '-o' 'CMakeFiles/cmTC_e7579.dir/CMakeCCompilerABI.c.o' '-c' '-mtune=generic' '-march=x86-64']
  ignore line: [ as -v --64 -o CMakeFiles/cmTC_e7579.dir/CMakeCCompilerABI.c.o /tmp/cc3Dr92L.s]
  ignore line: [GNU assembler version 2.32 (x86_64-pc-linux-gnu) using BFD version (GNU Binutils) 2.32]
  ignore line: [COMPILER_PATH=/usr/lib/gcc/x86_64-pc-linux-gnu/8.3.0/:/usr/lib/gcc/x86_64-pc-linux-gnu/8.3.0/:/usr/lib/gcc/x86_64-pc-linux-gnu/:/usr/lib/gcc/x86_64-pc-linux-gnu/8.3.0/:/usr/lib/gcc/x86_64-pc-linux-gnu/]
  ignore line: [LIBRARY_PATH=/usr/lib/gcc/x86_64-pc-linux-gnu/8.3.0/:/usr/lib/gcc/x86_64-pc-linux-gnu/8.3.0/../../../../lib/:/lib/../lib/:/usr/lib/../lib/:/usr/lib/gcc/x86_64-pc-linux-gnu/8.3.0/../../../:/lib/:/usr/lib/]
  ignore line: [COLLECT_GCC_OPTIONS='-v' '-o' 'CMakeFiles/cmTC_e7579.dir/CMakeCCompilerABI.c.o' '-c' '-mtune=generic' '-march=x86-64']
  ignore line: [Linking C executable cmTC_e7579]
  ignore line: [/home/ozone/.local/share/JetBrains/Toolbox/apps/CLion/ch-0/192.6262.62/bin/cmake/linux/bin/cmake -E cmake_link_script CMakeFiles/cmTC_e7579.dir/link.txt --verbose=1]
  ignore line: [/usr/bin/gcc-8     -v CMakeFiles/cmTC_e7579.dir/CMakeCCompilerABI.c.o  -o cmTC_e7579 ]
  ignore line: [Using built-in specs.]
  ignore line: [COLLECT_GCC=/usr/bin/gcc-8]
  ignore line: [COLLECT_LTO_WRAPPER=/usr/lib/gcc/x86_64-pc-linux-gnu/8.3.0/lto-wrapper]
  ignore line: [Target: x86_64-pc-linux-gnu]
  ignore line: [Configured with: /build/gcc8/src/gcc/configure --prefix=/usr --libdir=/usr/lib --libexecdir=/usr/lib --mandir=/usr/share/man --infodir=/usr/share/info --with-bugurl=https://bugs.archlinux.org/ --enable-languages=c,c++,fortran,lto --enable-shared --enable-threads=posix --enable-libmpx --with-system-zlib --with-isl --enable-__cxa_atexit --disable-libunwind-exceptions --enable-clocale=gnu --disable-libstdcxx-pch --disable-libssp --enable-gnu-unique-object --enable-linker-build-id --enable-lto --enable-plugin --enable-install-libiberty --with-linker-hash-style=gnu --enable-gnu-indirect-function --disable-multilib --disable-werror --enable-checking=release --enable-default-pie --enable-default-ssp --enable-cet=auto --program-suffix=-8 --enable-version-specific-runtime-libs]
  ignore line: [Thread model: posix]
  ignore line: [gcc version 8.3.0 (GCC) ]
  ignore line: [COMPILER_PATH=/usr/lib/gcc/x86_64-pc-linux-gnu/8.3.0/:/usr/lib/gcc/x86_64-pc-linux-gnu/8.3.0/:/usr/lib/gcc/x86_64-pc-linux-gnu/:/usr/lib/gcc/x86_64-pc-linux-gnu/8.3.0/:/usr/lib/gcc/x86_64-pc-linux-gnu/]
  ignore line: [LIBRARY_PATH=/usr/lib/gcc/x86_64-pc-linux-gnu/8.3.0/:/usr/lib/gcc/x86_64-pc-linux-gnu/8.3.0/../../../../lib/:/lib/../lib/:/usr/lib/../lib/:/usr/lib/gcc/x86_64-pc-linux-gnu/8.3.0/../../../:/lib/:/usr/lib/]
  ignore line: [COLLECT_GCC_OPTIONS='-v' '-o' 'cmTC_e7579' '-mtune=generic' '-march=x86-64']
  link line: [ /usr/lib/gcc/x86_64-pc-linux-gnu/8.3.0/collect2 -plugin /usr/lib/gcc/x86_64-pc-linux-gnu/8.3.0/liblto_plugin.so -plugin-opt=/usr/lib/gcc/x86_64-pc-linux-gnu/8.3.0/lto-wrapper -plugin-opt=-fresolution=/tmp/ccoHovSO.res -plugin-opt=-pass-through=-lgcc -plugin-opt=-pass-through=-lgcc_s -plugin-opt=-pass-through=-lc -plugin-opt=-pass-through=-lgcc -plugin-opt=-pass-through=-lgcc_s --build-id --eh-frame-hdr --hash-style=gnu -m elf_x86_64 -dynamic-linker /lib64/ld-linux-x86-64.so.2 -pie -o cmTC_e7579 /usr/lib/gcc/x86_64-pc-linux-gnu/8.3.0/../../../../lib/Scrt1.o /usr/lib/gcc/x86_64-pc-linux-gnu/8.3.0/../../../../lib/crti.o /usr/lib/gcc/x86_64-pc-linux-gnu/8.3.0/crtbeginS.o -L/usr/lib/gcc/x86_64-pc-linux-gnu/8.3.0 -L/usr/lib/gcc/x86_64-pc-linux-gnu/8.3.0/../../../../lib -L/lib/../lib -L/usr/lib/../lib -L/usr/lib/gcc/x86_64-pc-linux-gnu/8.3.0/../../.. CMakeFiles/cmTC_e7579.dir/CMakeCCompilerABI.c.o -lgcc --as-needed -lgcc_s --no-as-needed -lc -lgcc --as-needed -lgcc_s --no-as-needed /usr/lib/gcc/x86_64-pc-linux-gnu/8.3.0/crtendS.o /usr/lib/gcc/x86_64-pc-linux-gnu/8.3.0/../../../../lib/crtn.o]
    arg [/usr/lib/gcc/x86_64-pc-linux-gnu/8.3.0/collect2] ==> ignore
    arg [-plugin] ==> ignore
    arg [/usr/lib/gcc/x86_64-pc-linux-gnu/8.3.0/liblto_plugin.so] ==> ignore
    arg [-plugin-opt=/usr/lib/gcc/x86_64-pc-linux-gnu/8.3.0/lto-wrapper] ==> ignore
    arg [-plugin-opt=-fresolution=/tmp/ccoHovSO.res] ==> ignore
    arg [-plugin-opt=-pass-through=-lgcc] ==> ignore
    arg [-plugin-opt=-pass-through=-lgcc_s] ==> ignore
    arg [-plugin-opt=-pass-through=-lc] ==> ignore
    arg [-plugin-opt=-pass-through=-lgcc] ==> ignore
    arg [-plugin-opt=-pass-through=-lgcc_s] ==> ignore
    arg [--build-id] ==> ignore
    arg [--eh-frame-hdr] ==> ignore
    arg [--hash-style=gnu] ==> ignore
    arg [-m] ==> ignore
    arg [elf_x86_64] ==> ignore
    arg [-dynamic-linker] ==> ignore
    arg [/lib64/ld-linux-x86-64.so.2] ==> ignore
    arg [-pie] ==> ignore
    arg [-o] ==> ignore
    arg [cmTC_e7579] ==> ignore
    arg [/usr/lib/gcc/x86_64-pc-linux-gnu/8.3.0/../../../../lib/Scrt1.o] ==> ignore
    arg [/usr/lib/gcc/x86_64-pc-linux-gnu/8.3.0/../../../../lib/crti.o] ==> ignore
    arg [/usr/lib/gcc/x86_64-pc-linux-gnu/8.3.0/crtbeginS.o] ==> ignore
    arg [-L/usr/lib/gcc/x86_64-pc-linux-gnu/8.3.0] ==> dir [/usr/lib/gcc/x86_64-pc-linux-gnu/8.3.0]
    arg [-L/usr/lib/gcc/x86_64-pc-linux-gnu/8.3.0/../../../../lib] ==> dir [/usr/lib/gcc/x86_64-pc-linux-gnu/8.3.0/../../../../lib]
    arg [-L/lib/../lib] ==> dir [/lib/../lib]
    arg [-L/usr/lib/../lib] ==> dir [/usr/lib/../lib]
    arg [-L/usr/lib/gcc/x86_64-pc-linux-gnu/8.3.0/../../..] ==> dir [/usr/lib/gcc/x86_64-pc-linux-gnu/8.3.0/../../..]
    arg [CMakeFiles/cmTC_e7579.dir/CMakeCCompilerABI.c.o] ==> ignore
    arg [-lgcc] ==> lib [gcc]
    arg [--as-needed] ==> ignore
    arg [-lgcc_s] ==> lib [gcc_s]
    arg [--no-as-needed] ==> ignore
    arg [-lc] ==> lib [c]
    arg [-lgcc] ==> lib [gcc]
    arg [--as-needed] ==> ignore
    arg [-lgcc_s] ==> lib [gcc_s]
    arg [--no-as-needed] ==> ignore
    arg [/usr/lib/gcc/x86_64-pc-linux-gnu/8.3.0/crtendS.o] ==> ignore
    arg [/usr/lib/gcc/x86_64-pc-linux-gnu/8.3.0/../../../../lib/crtn.o] ==> ignore
  collapse library dir [/usr/lib/gcc/x86_64-pc-linux-gnu/8.3.0] ==> [/usr/lib/gcc/x86_64-pc-linux-gnu/8.3.0]
  collapse library dir [/usr/lib/gcc/x86_64-pc-linux-gnu/8.3.0/../../../../lib] ==> [/usr/lib]
  collapse library dir [/lib/../lib] ==> [/lib]
  collapse library dir [/usr/lib/../lib] ==> [/usr/lib]
  collapse library dir [/usr/lib/gcc/x86_64-pc-linux-gnu/8.3.0/../../..] ==> [/usr/lib]
  implicit libs: [gcc;gcc_s;c;gcc;gcc_s]
  implicit dirs: [/usr/lib/gcc/x86_64-pc-linux-gnu/8.3.0;/usr/lib;/lib]
  implicit fwks: []




Detecting C [-std=c11] compiler features compiled with the following output:
Change Dir: /home/ozone/CLionProjects/TSiSA_05/cmake-build-debug/CMakeFiles/CMakeTmp

Run Build Command(s):/usr/bin/make cmTC_04fd1/fast 
/usr/bin/make -f CMakeFiles/cmTC_04fd1.dir/build.make CMakeFiles/cmTC_04fd1.dir/build
make[1]: вход в каталог «/home/ozone/CLionProjects/TSiSA_05/cmake-build-debug/CMakeFiles/CMakeTmp»
Building C object CMakeFiles/cmTC_04fd1.dir/feature_tests.c.o
/usr/bin/gcc-8   -std=c11 -o CMakeFiles/cmTC_04fd1.dir/feature_tests.c.o   -c /home/ozone/CLionProjects/TSiSA_05/cmake-build-debug/CMakeFiles/feature_tests.c
Linking C executable cmTC_04fd1
/home/ozone/.local/share/JetBrains/Toolbox/apps/CLion/ch-0/192.6262.62/bin/cmake/linux/bin/cmake -E cmake_link_script CMakeFiles/cmTC_04fd1.dir/link.txt --verbose=1
/usr/bin/gcc-8      CMakeFiles/cmTC_04fd1.dir/feature_tests.c.o  -o cmTC_04fd1 
make[1]: выход из каталога «/home/ozone/CLionProjects/TSiSA_05/cmake-build-debug/CMakeFiles/CMakeTmp»


    Feature record: C_FEATURE:1c_function_prototypes
    Feature record: C_FEATURE:1c_restrict
    Feature record: C_FEATURE:1c_static_assert
    Feature record: C_FEATURE:1c_variadic_macros


Detecting C [-std=c99] compiler features compiled with the following output:
Change Dir: /home/ozone/CLionProjects/TSiSA_05/cmake-build-debug/CMakeFiles/CMakeTmp

Run Build Command(s):/usr/bin/make cmTC_dee5b/fast 
/usr/bin/make -f CMakeFiles/cmTC_dee5b.dir/build.make CMakeFiles/cmTC_dee5b.dir/build
make[1]: вход в каталог «/home/ozone/CLionProjects/TSiSA_05/cmake-build-debug/CMakeFiles/CMakeTmp»
Building C object CMakeFiles/cmTC_dee5b.dir/feature_tests.c.o
/usr/bin/gcc-8   -std=c99 -o CMakeFiles/cmTC_dee5b.dir/feature_tests.c.o   -c /home/ozone/CLionProjects/TSiSA_05/cmake-build-debug/CMakeFiles/feature_tests.c
Linking C executable cmTC_dee5b
/home/ozone/.local/share/JetBrains/Toolbox/apps/CLion/ch-0/192.6262.62/bin/cmake/linux/bin/cmake -E cmake_link_script CMakeFiles/cmTC_dee5b.dir/link.txt --verbose=1
/usr/bin/gcc-8      CMakeFiles/cmTC_dee5b.dir/feature_tests.c.o  -o cmTC_dee5b 
make[1]: выход из каталога «/home/ozone/CLionProjects/TSiSA_05/cmake-build-debug/CMakeFiles/CMakeTmp»


    Feature record: C_FEATURE:1c_function_prototypes
    Feature record: C_FEATURE:1c_restrict
    Feature record: C_FEATURE:0c_static_assert
    Feature record: C_FEATURE:1c_variadic_macros


Detecting C [-std=c90] compiler features compiled with the following output:
Change Dir: /home/ozone/CLionProjects/TSiSA_05/cmake-build-debug/CMakeFiles/CMakeTmp

Run Build Command(s):/usr/bin/make cmTC_168f2/fast 
/usr/bin/make -f CMakeFiles/cmTC_168f2.dir/build.make CMakeFiles/cmTC_168f2.dir/build
make[1]: вход в каталог «/home/ozone/CLionProjects/TSiSA_05/cmake-build-debug/CMakeFiles/CMakeTmp»
Building C object CMakeFiles/cmTC_168f2.dir/feature_tests.c.o
/usr/bin/gcc-8   -std=c90 -o CMakeFiles/cmTC_168f2.dir/feature_tests.c.o   -c /home/ozone/CLionProjects/TSiSA_05/cmake-build-debug/CMakeFiles/feature_tests.c
Linking C executable cmTC_168f2
/home/ozone/.local/share/JetBrains/Toolbox/apps/CLion/ch-0/192.6262.62/bin/cmake/linux/bin/cmake -E cmake_link_script CMakeFiles/cmTC_168f2.dir/link.txt --verbose=1
/usr/bin/gcc-8      CMakeFiles/cmTC_168f2.dir/feature_tests.c.o  -o cmTC_168f2 
make[1]: выход из каталога «/home/ozone/CLionProjects/TSiSA_05/cmake-build-debug/CMakeFiles/CMakeTmp»


    Feature record: C_FEATURE:1c_function_prototypes
    Feature record: C_FEATURE:0c_restrict
    Feature record: C_FEATURE:0c_static_assert
    Feature record: C_FEATURE:0c_variadic_macros
Determining if the CXX compiler works passed with the following output:
Change Dir: /home/ozone/CLionProjects/TSiSA_05/cmake-build-debug/CMakeFiles/CMakeTmp

Run Build Command(s):/usr/bin/make cmTC_8004b/fast 
/usr/bin/make -f CMakeFiles/cmTC_8004b.dir/build.make CMakeFiles/cmTC_8004b.dir/build
make[1]: вход в каталог «/home/ozone/CLionProjects/TSiSA_05/cmake-build-debug/CMakeFiles/CMakeTmp»
Building CXX object CMakeFiles/cmTC_8004b.dir/testCXXCompiler.cxx.o
/usr/bin/g++-8     -o CMakeFiles/cmTC_8004b.dir/testCXXCompiler.cxx.o -c /home/ozone/CLionProjects/TSiSA_05/cmake-build-debug/CMakeFiles/CMakeTmp/testCXXCompiler.cxx
Linking CXX executable cmTC_8004b
/home/ozone/.local/share/JetBrains/Toolbox/apps/CLion/ch-0/192.6262.62/bin/cmake/linux/bin/cmake -E cmake_link_script CMakeFiles/cmTC_8004b.dir/link.txt --verbose=1
/usr/bin/g++-8       CMakeFiles/cmTC_8004b.dir/testCXXCompiler.cxx.o  -o cmTC_8004b 
make[1]: выход из каталога «/home/ozone/CLionProjects/TSiSA_05/cmake-build-debug/CMakeFiles/CMakeTmp»


Detecting CXX compiler ABI info compiled with the following output:
Change Dir: /home/ozone/CLionProjects/TSiSA_05/cmake-build-debug/CMakeFiles/CMakeTmp

Run Build Command(s):/usr/bin/make cmTC_f40c6/fast 
/usr/bin/make -f CMakeFiles/cmTC_f40c6.dir/build.make CMakeFiles/cmTC_f40c6.dir/build
make[1]: Entering directory '/home/ozone/CLionProjects/TSiSA_05/cmake-build-debug/CMakeFiles/CMakeTmp'
Building CXX object CMakeFiles/cmTC_f40c6.dir/CMakeCXXCompilerABI.cpp.o
/usr/bin/g++-8    -v -o CMakeFiles/cmTC_f40c6.dir/CMakeCXXCompilerABI.cpp.o -c /home/ozone/.local/share/JetBrains/Toolbox/apps/CLion/ch-0/192.6262.62/bin/cmake/linux/share/cmake-3.14/Modules/CMakeCXXCompilerABI.cpp
Using built-in specs.
COLLECT_GCC=/usr/bin/g++-8
Target: x86_64-pc-linux-gnu
Configured with: /build/gcc8/src/gcc/configure --prefix=/usr --libdir=/usr/lib --libexecdir=/usr/lib --mandir=/usr/share/man --infodir=/usr/share/info --with-bugurl=https://bugs.archlinux.org/ --enable-languages=c,c++,fortran,lto --enable-shared --enable-threads=posix --enable-libmpx --with-system-zlib --with-isl --enable-__cxa_atexit --disable-libunwind-exceptions --enable-clocale=gnu --disable-libstdcxx-pch --disable-libssp --enable-gnu-unique-object --enable-linker-build-id --enable-lto --enable-plugin --enable-install-libiberty --with-linker-hash-style=gnu --enable-gnu-indirect-function --disable-multilib --disable-werror --enable-checking=release --enable-default-pie --enable-default-ssp --enable-cet=auto --program-suffix=-8 --enable-version-specific-runtime-libs
Thread model: posix
gcc version 8.3.0 (GCC) 
COLLECT_GCC_OPTIONS='-v' '-o' 'CMakeFiles/cmTC_f40c6.dir/CMakeCXXCompilerABI.cpp.o' '-c' '-shared-libgcc' '-mtune=generic' '-march=x86-64'
 /usr/lib/gcc/x86_64-pc-linux-gnu/8.3.0/cc1plus -quiet -v -D_GNU_SOURCE /home/ozone/.local/share/JetBrains/Toolbox/apps/CLion/ch-0/192.6262.62/bin/cmake/linux/share/cmake-3.14/Modules/CMakeCXXCompilerABI.cpp -quiet -dumpbase CMakeCXXCompilerABI.cpp -mtune=generic -march=x86-64 -auxbase-strip CMakeFiles/cmTC_f40c6.dir/CMakeCXXCompilerABI.cpp.o -version -o /tmp/cc6s0Nvu.s
GNU C++14 (GCC) version 8.3.0 (x86_64-pc-linux-gnu)
	compiled by GNU C version 8.3.0, GMP version 6.1.2, MPFR version 4.0.2, MPC version 1.1.0, isl version isl-0.21-GMP

GGC heuristics: --param ggc-min-expand=100 --param ggc-min-heapsize=131072
ignoring nonexistent directory "/usr/lib/gcc/x86_64-pc-linux-gnu/8.3.0/../../../../x86_64-pc-linux-gnu/include"
#include "..." search starts here:
#include <...> search starts here:
 /usr/lib/gcc/x86_64-pc-linux-gnu/8.3.0/include/c++
 /usr/lib/gcc/x86_64-pc-linux-gnu/8.3.0/include/c++/x86_64-pc-linux-gnu
 /usr/lib/gcc/x86_64-pc-linux-gnu/8.3.0/include/c++/backward
 /usr/lib/gcc/x86_64-pc-linux-gnu/8.3.0/include
 /usr/local/include
 /usr/lib/gcc/x86_64-pc-linux-gnu/8.3.0/include-fixed
 /usr/include
End of search list.
GNU C++14 (GCC) version 8.3.0 (x86_64-pc-linux-gnu)
	compiled by GNU C version 8.3.0, GMP version 6.1.2, MPFR version 4.0.2, MPC version 1.1.0, isl version isl-0.21-GMP

GGC heuristics: --param ggc-min-expand=100 --param ggc-min-heapsize=131072
Compiler executable checksum: 6e94d6fc414480489ad15d378ead5494
COLLECT_GCC_OPTIONS='-v' '-o' 'CMakeFiles/cmTC_f40c6.dir/CMakeCXXCompilerABI.cpp.o' '-c' '-shared-libgcc' '-mtune=generic' '-march=x86-64'
 as -v --64 -o CMakeFiles/cmTC_f40c6.dir/CMakeCXXCompilerABI.cpp.o /tmp/cc6s0Nvu.s
GNU assembler version 2.32 (x86_64-pc-linux-gnu) using BFD version (GNU Binutils) 2.32
COMPILER_PATH=/usr/lib/gcc/x86_64-pc-linux-gnu/8.3.0/:/usr/lib/gcc/x86_64-pc-linux-gnu/8.3.0/:/usr/lib/gcc/x86_64-pc-linux-gnu/:/usr/lib/gcc/x86_64-pc-linux-gnu/8.3.0/:/usr/lib/gcc/x86_64-pc-linux-gnu/
LIBRARY_PATH=/usr/lib/gcc/x86_64-pc-linux-gnu/8.3.0/:/usr/lib/gcc/x86_64-pc-linux-gnu/8.3.0/../../../../lib/:/lib/../lib/:/usr/lib/../lib/:/usr/lib/gcc/x86_64-pc-linux-gnu/8.3.0/../../../:/lib/:/usr/lib/
COLLECT_GCC_OPTIONS='-v' '-o' 'CMakeFiles/cmTC_f40c6.dir/CMakeCXXCompilerABI.cpp.o' '-c' '-shared-libgcc' '-mtune=generic' '-march=x86-64'
Linking CXX executable cmTC_f40c6
/home/ozone/.local/share/JetBrains/Toolbox/apps/CLion/ch-0/192.6262.62/bin/cmake/linux/bin/cmake -E cmake_link_script CMakeFiles/cmTC_f40c6.dir/link.txt --verbose=1
/usr/bin/g++-8      -v CMakeFiles/cmTC_f40c6.dir/CMakeCXXCompilerABI.cpp.o  -o cmTC_f40c6 
Using built-in specs.
COLLECT_GCC=/usr/bin/g++-8
COLLECT_LTO_WRAPPER=/usr/lib/gcc/x86_64-pc-linux-gnu/8.3.0/lto-wrapper
Target: x86_64-pc-linux-gnu
Configured with: /build/gcc8/src/gcc/configure --prefix=/usr --libdir=/usr/lib --libexecdir=/usr/lib --mandir=/usr/share/man --infodir=/usr/share/info --with-bugurl=https://bugs.archlinux.org/ --enable-languages=c,c++,fortran,lto --enable-shared --enable-threads=posix --enable-libmpx --with-system-zlib --with-isl --enable-__cxa_atexit --disable-libunwind-exceptions --enable-clocale=gnu --disable-libstdcxx-pch --disable-libssp --enable-gnu-unique-object --enable-linker-build-id --enable-lto --enable-plugin --enable-install-libiberty --with-linker-hash-style=gnu --enable-gnu-indirect-function --disable-multilib --disable-werror --enable-checking=release --enable-default-pie --enable-default-ssp --enable-cet=auto --program-suffix=-8 --enable-version-specific-runtime-libs
Thread model: posix
gcc version 8.3.0 (GCC) 
COMPILER_PATH=/usr/lib/gcc/x86_64-pc-linux-gnu/8.3.0/:/usr/lib/gcc/x86_64-pc-linux-gnu/8.3.0/:/usr/lib/gcc/x86_64-pc-linux-gnu/:/usr/lib/gcc/x86_64-pc-linux-gnu/8.3.0/:/usr/lib/gcc/x86_64-pc-linux-gnu/
LIBRARY_PATH=/usr/lib/gcc/x86_64-pc-linux-gnu/8.3.0/:/usr/lib/gcc/x86_64-pc-linux-gnu/8.3.0/../../../../lib/:/lib/../lib/:/usr/lib/../lib/:/usr/lib/gcc/x86_64-pc-linux-gnu/8.3.0/../../../:/lib/:/usr/lib/
COLLECT_GCC_OPTIONS='-v' '-o' 'cmTC_f40c6' '-shared-libgcc' '-mtune=generic' '-march=x86-64'
 /usr/lib/gcc/x86_64-pc-linux-gnu/8.3.0/collect2 -plugin /usr/lib/gcc/x86_64-pc-linux-gnu/8.3.0/liblto_plugin.so -plugin-opt=/usr/lib/gcc/x86_64-pc-linux-gnu/8.3.0/lto-wrapper -plugin-opt=-fresolution=/tmp/cchrPxQx.res -plugin-opt=-pass-through=-lgcc_s -plugin-opt=-pass-through=-lgcc -plugin-opt=-pass-through=-lc -plugin-opt=-pass-through=-lgcc_s -plugin-opt=-pass-through=-lgcc --build-id --eh-frame-hdr --hash-style=gnu -m elf_x86_64 -dynamic-linker /lib64/ld-linux-x86-64.so.2 -pie -o cmTC_f40c6 /usr/lib/gcc/x86_64-pc-linux-gnu/8.3.0/../../../../lib/Scrt1.o /usr/lib/gcc/x86_64-pc-linux-gnu/8.3.0/../../../../lib/crti.o /usr/lib/gcc/x86_64-pc-linux-gnu/8.3.0/crtbeginS.o -L/usr/lib/gcc/x86_64-pc-linux-gnu/8.3.0 -L/usr/lib/gcc/x86_64-pc-linux-gnu/8.3.0/../../../../lib -L/lib/../lib -L/usr/lib/../lib -L/usr/lib/gcc/x86_64-pc-linux-gnu/8.3.0/../../.. CMakeFiles/cmTC_f40c6.dir/CMakeCXXCompilerABI.cpp.o -lstdc++ -lm -lgcc_s -lgcc -lc -lgcc_s -lgcc /usr/lib/gcc/x86_64-pc-linux-gnu/8.3.0/crtendS.o /usr/lib/gcc/x86_64-pc-linux-gnu/8.3.0/../../../../lib/crtn.o
COLLECT_GCC_OPTIONS='-v' '-o' 'cmTC_f40c6' '-shared-libgcc' '-mtune=generic' '-march=x86-64'
make[1]: Leaving directory '/home/ozone/CLionProjects/TSiSA_05/cmake-build-debug/CMakeFiles/CMakeTmp'


Parsed CXX implicit include dir info from above output: rv=done
  found start of include info
  found start of implicit include info
    add: [/usr/lib/gcc/x86_64-pc-linux-gnu/8.3.0/include/c++]
    add: [/usr/lib/gcc/x86_64-pc-linux-gnu/8.3.0/include/c++/x86_64-pc-linux-gnu]
    add: [/usr/lib/gcc/x86_64-pc-linux-gnu/8.3.0/include/c++/backward]
    add: [/usr/lib/gcc/x86_64-pc-linux-gnu/8.3.0/include]
    add: [/usr/local/include]
    add: [/usr/lib/gcc/x86_64-pc-linux-gnu/8.3.0/include-fixed]
    add: [/usr/include]
  end of search list found
  collapse include dir [/usr/lib/gcc/x86_64-pc-linux-gnu/8.3.0/include/c++] ==> [/usr/lib/gcc/x86_64-pc-linux-gnu/8.3.0/include/c++]
  collapse include dir [/usr/lib/gcc/x86_64-pc-linux-gnu/8.3.0/include/c++/x86_64-pc-linux-gnu] ==> [/usr/lib/gcc/x86_64-pc-linux-gnu/8.3.0/include/c++/x86_64-pc-linux-gnu]
  collapse include dir [/usr/lib/gcc/x86_64-pc-linux-gnu/8.3.0/include/c++/backward] ==> [/usr/lib/gcc/x86_64-pc-linux-gnu/8.3.0/include/c++/backward]
  collapse include dir [/usr/lib/gcc/x86_64-pc-linux-gnu/8.3.0/include] ==> [/usr/lib/gcc/x86_64-pc-linux-gnu/8.3.0/include]
  collapse include dir [/usr/local/include] ==> [/usr/local/include]
  collapse include dir [/usr/lib/gcc/x86_64-pc-linux-gnu/8.3.0/include-fixed] ==> [/usr/lib/gcc/x86_64-pc-linux-gnu/8.3.0/include-fixed]
  collapse include dir [/usr/include] ==> [/usr/include]
  implicit include dirs: [/usr/lib/gcc/x86_64-pc-linux-gnu/8.3.0/include/c++;/usr/lib/gcc/x86_64-pc-linux-gnu/8.3.0/include/c++/x86_64-pc-linux-gnu;/usr/lib/gcc/x86_64-pc-linux-gnu/8.3.0/include/c++/backward;/usr/lib/gcc/x86_64-pc-linux-gnu/8.3.0/include;/usr/local/include;/usr/lib/gcc/x86_64-pc-linux-gnu/8.3.0/include-fixed;/usr/include]


Parsed CXX implicit link information from above output:
  link line regex: [^( *|.*[/\])(ld|CMAKE_LINK_STARTFILE-NOTFOUND|([^/\]+-)?ld|collect2)[^/\]*( |$)]
  ignore line: [Change Dir: /home/ozone/CLionProjects/TSiSA_05/cmake-build-debug/CMakeFiles/CMakeTmp]
  ignore line: []
  ignore line: [Run Build Command(s):/usr/bin/make cmTC_f40c6/fast ]
  ignore line: [/usr/bin/make -f CMakeFiles/cmTC_f40c6.dir/build.make CMakeFiles/cmTC_f40c6.dir/build]
  ignore line: [make[1]: Entering directory '/home/ozone/CLionProjects/TSiSA_05/cmake-build-debug/CMakeFiles/CMakeTmp']
  ignore line: [Building CXX object CMakeFiles/cmTC_f40c6.dir/CMakeCXXCompilerABI.cpp.o]
  ignore line: [/usr/bin/g++-8    -v -o CMakeFiles/cmTC_f40c6.dir/CMakeCXXCompilerABI.cpp.o -c /home/ozone/.local/share/JetBrains/Toolbox/apps/CLion/ch-0/192.6262.62/bin/cmake/linux/share/cmake-3.14/Modules/CMakeCXXCompilerABI.cpp]
  ignore line: [Using built-in specs.]
  ignore line: [COLLECT_GCC=/usr/bin/g++-8]
  ignore line: [Target: x86_64-pc-linux-gnu]
  ignore line: [Configured with: /build/gcc8/src/gcc/configure --prefix=/usr --libdir=/usr/lib --libexecdir=/usr/lib --mandir=/usr/share/man --infodir=/usr/share/info --with-bugurl=https://bugs.archlinux.org/ --enable-languages=c,c++,fortran,lto --enable-shared --enable-threads=posix --enable-libmpx --with-system-zlib --with-isl --enable-__cxa_atexit --disable-libunwind-exceptions --enable-clocale=gnu --disable-libstdcxx-pch --disable-libssp --enable-gnu-unique-object --enable-linker-build-id --enable-lto --enable-plugin --enable-install-libiberty --with-linker-hash-style=gnu --enable-gnu-indirect-function --disable-multilib --disable-werror --enable-checking=release --enable-default-pie --enable-default-ssp --enable-cet=auto --program-suffix=-8 --enable-version-specific-runtime-libs]
  ignore line: [Thread model: posix]
  ignore line: [gcc version 8.3.0 (GCC) ]
  ignore line: [COLLECT_GCC_OPTIONS='-v' '-o' 'CMakeFiles/cmTC_f40c6.dir/CMakeCXXCompilerABI.cpp.o' '-c' '-shared-libgcc' '-mtune=generic' '-march=x86-64']
  ignore line: [ /usr/lib/gcc/x86_64-pc-linux-gnu/8.3.0/cc1plus -quiet -v -D_GNU_SOURCE /home/ozone/.local/share/JetBrains/Toolbox/apps/CLion/ch-0/192.6262.62/bin/cmake/linux/share/cmake-3.14/Modules/CMakeCXXCompilerABI.cpp -quiet -dumpbase CMakeCXXCompilerABI.cpp -mtune=generic -march=x86-64 -auxbase-strip CMakeFiles/cmTC_f40c6.dir/CMakeCXXCompilerABI.cpp.o -version -o /tmp/cc6s0Nvu.s]
  ignore line: [GNU C++14 (GCC) version 8.3.0 (x86_64-pc-linux-gnu)]
  ignore line: [	compiled by GNU C version 8.3.0, GMP version 6.1.2, MPFR version 4.0.2, MPC version 1.1.0, isl version isl-0.21-GMP]
  ignore line: []
  ignore line: [GGC heuristics: --param ggc-min-expand=100 --param ggc-min-heapsize=131072]
  ignore line: [ignoring nonexistent directory "/usr/lib/gcc/x86_64-pc-linux-gnu/8.3.0/../../../../x86_64-pc-linux-gnu/include"]
  ignore line: [#include "..." search starts here:]
  ignore line: [#include <...> search starts here:]
  ignore line: [ /usr/lib/gcc/x86_64-pc-linux-gnu/8.3.0/include/c++]
  ignore line: [ /usr/lib/gcc/x86_64-pc-linux-gnu/8.3.0/include/c++/x86_64-pc-linux-gnu]
  ignore line: [ /usr/lib/gcc/x86_64-pc-linux-gnu/8.3.0/include/c++/backward]
  ignore line: [ /usr/lib/gcc/x86_64-pc-linux-gnu/8.3.0/include]
  ignore line: [ /usr/local/include]
  ignore line: [ /usr/lib/gcc/x86_64-pc-linux-gnu/8.3.0/include-fixed]
  ignore line: [ /usr/include]
  ignore line: [End of search list.]
  ignore line: [GNU C++14 (GCC) version 8.3.0 (x86_64-pc-linux-gnu)]
  ignore line: [	compiled by GNU C version 8.3.0, GMP version 6.1.2, MPFR version 4.0.2, MPC version 1.1.0, isl version isl-0.21-GMP]
  ignore line: []
  ignore line: [GGC heuristics: --param ggc-min-expand=100 --param ggc-min-heapsize=131072]
  ignore line: [Compiler executable checksum: 6e94d6fc414480489ad15d378ead5494]
  ignore line: [COLLECT_GCC_OPTIONS='-v' '-o' 'CMakeFiles/cmTC_f40c6.dir/CMakeCXXCompilerABI.cpp.o' '-c' '-shared-libgcc' '-mtune=generic' '-march=x86-64']
  ignore line: [ as -v --64 -o CMakeFiles/cmTC_f40c6.dir/CMakeCXXCompilerABI.cpp.o /tmp/cc6s0Nvu.s]
  ignore line: [GNU assembler version 2.32 (x86_64-pc-linux-gnu) using BFD version (GNU Binutils) 2.32]
  ignore line: [COMPILER_PATH=/usr/lib/gcc/x86_64-pc-linux-gnu/8.3.0/:/usr/lib/gcc/x86_64-pc-linux-gnu/8.3.0/:/usr/lib/gcc/x86_64-pc-linux-gnu/:/usr/lib/gcc/x86_64-pc-linux-gnu/8.3.0/:/usr/lib/gcc/x86_64-pc-linux-gnu/]
  ignore line: [LIBRARY_PATH=/usr/lib/gcc/x86_64-pc-linux-gnu/8.3.0/:/usr/lib/gcc/x86_64-pc-linux-gnu/8.3.0/../../../../lib/:/lib/../lib/:/usr/lib/../lib/:/usr/lib/gcc/x86_64-pc-linux-gnu/8.3.0/../../../:/lib/:/usr/lib/]
  ignore line: [COLLECT_GCC_OPTIONS='-v' '-o' 'CMakeFiles/cmTC_f40c6.dir/CMakeCXXCompilerABI.cpp.o' '-c' '-shared-libgcc' '-mtune=generic' '-march=x86-64']
  ignore line: [Linking CXX executable cmTC_f40c6]
  ignore line: [/home/ozone/.local/share/JetBrains/Toolbox/apps/CLion/ch-0/192.6262.62/bin/cmake/linux/bin/cmake -E cmake_link_script CMakeFiles/cmTC_f40c6.dir/link.txt --verbose=1]
  ignore line: [/usr/bin/g++-8      -v CMakeFiles/cmTC_f40c6.dir/CMakeCXXCompilerABI.cpp.o  -o cmTC_f40c6 ]
  ignore line: [Using built-in specs.]
  ignore line: [COLLECT_GCC=/usr/bin/g++-8]
  ignore line: [COLLECT_LTO_WRAPPER=/usr/lib/gcc/x86_64-pc-linux-gnu/8.3.0/lto-wrapper]
  ignore line: [Target: x86_64-pc-linux-gnu]
  ignore line: [Configured with: /build/gcc8/src/gcc/configure --prefix=/usr --libdir=/usr/lib --libexecdir=/usr/lib --mandir=/usr/share/man --infodir=/usr/share/info --with-bugurl=https://bugs.archlinux.org/ --enable-languages=c,c++,fortran,lto --enable-shared --enable-threads=posix --enable-libmpx --with-system-zlib --with-isl --enable-__cxa_atexit --disable-libunwind-exceptions --enable-clocale=gnu --disable-libstdcxx-pch --disable-libssp --enable-gnu-unique-object --enable-linker-build-id --enable-lto --enable-plugin --enable-install-libiberty --with-linker-hash-style=gnu --enable-gnu-indirect-function --disable-multilib --disable-werror --enable-checking=release --enable-default-pie --enable-default-ssp --enable-cet=auto --program-suffix=-8 --enable-version-specific-runtime-libs]
  ignore line: [Thread model: posix]
  ignore line: [gcc version 8.3.0 (GCC) ]
  ignore line: [COMPILER_PATH=/usr/lib/gcc/x86_64-pc-linux-gnu/8.3.0/:/usr/lib/gcc/x86_64-pc-linux-gnu/8.3.0/:/usr/lib/gcc/x86_64-pc-linux-gnu/:/usr/lib/gcc/x86_64-pc-linux-gnu/8.3.0/:/usr/lib/gcc/x86_64-pc-linux-gnu/]
  ignore line: [LIBRARY_PATH=/usr/lib/gcc/x86_64-pc-linux-gnu/8.3.0/:/usr/lib/gcc/x86_64-pc-linux-gnu/8.3.0/../../../../lib/:/lib/../lib/:/usr/lib/../lib/:/usr/lib/gcc/x86_64-pc-linux-gnu/8.3.0/../../../:/lib/:/usr/lib/]
  ignore line: [COLLECT_GCC_OPTIONS='-v' '-o' 'cmTC_f40c6' '-shared-libgcc' '-mtune=generic' '-march=x86-64']
  link line: [ /usr/lib/gcc/x86_64-pc-linux-gnu/8.3.0/collect2 -plugin /usr/lib/gcc/x86_64-pc-linux-gnu/8.3.0/liblto_plugin.so -plugin-opt=/usr/lib/gcc/x86_64-pc-linux-gnu/8.3.0/lto-wrapper -plugin-opt=-fresolution=/tmp/cchrPxQx.res -plugin-opt=-pass-through=-lgcc_s -plugin-opt=-pass-through=-lgcc -plugin-opt=-pass-through=-lc -plugin-opt=-pass-through=-lgcc_s -plugin-opt=-pass-through=-lgcc --build-id --eh-frame-hdr --hash-style=gnu -m elf_x86_64 -dynamic-linker /lib64/ld-linux-x86-64.so.2 -pie -o cmTC_f40c6 /usr/lib/gcc/x86_64-pc-linux-gnu/8.3.0/../../../../lib/Scrt1.o /usr/lib/gcc/x86_64-pc-linux-gnu/8.3.0/../../../../lib/crti.o /usr/lib/gcc/x86_64-pc-linux-gnu/8.3.0/crtbeginS.o -L/usr/lib/gcc/x86_64-pc-linux-gnu/8.3.0 -L/usr/lib/gcc/x86_64-pc-linux-gnu/8.3.0/../../../../lib -L/lib/../lib -L/usr/lib/../lib -L/usr/lib/gcc/x86_64-pc-linux-gnu/8.3.0/../../.. CMakeFiles/cmTC_f40c6.dir/CMakeCXXCompilerABI.cpp.o -lstdc++ -lm -lgcc_s -lgcc -lc -lgcc_s -lgcc /usr/lib/gcc/x86_64-pc-linux-gnu/8.3.0/crtendS.o /usr/lib/gcc/x86_64-pc-linux-gnu/8.3.0/../../../../lib/crtn.o]
    arg [/usr/lib/gcc/x86_64-pc-linux-gnu/8.3.0/collect2] ==> ignore
    arg [-plugin] ==> ignore
    arg [/usr/lib/gcc/x86_64-pc-linux-gnu/8.3.0/liblto_plugin.so] ==> ignore
    arg [-plugin-opt=/usr/lib/gcc/x86_64-pc-linux-gnu/8.3.0/lto-wrapper] ==> ignore
    arg [-plugin-opt=-fresolution=/tmp/cchrPxQx.res] ==> ignore
    arg [-plugin-opt=-pass-through=-lgcc_s] ==> ignore
    arg [-plugin-opt=-pass-through=-lgcc] ==> ignore
    arg [-plugin-opt=-pass-through=-lc] ==> ignore
    arg [-plugin-opt=-pass-through=-lgcc_s] ==> ignore
    arg [-plugin-opt=-pass-through=-lgcc] ==> ignore
    arg [--build-id] ==> ignore
    arg [--eh-frame-hdr] ==> ignore
    arg [--hash-style=gnu] ==> ignore
    arg [-m] ==> ignore
    arg [elf_x86_64] ==> ignore
    arg [-dynamic-linker] ==> ignore
    arg [/lib64/ld-linux-x86-64.so.2] ==> ignore
    arg [-pie] ==> ignore
    arg [-o] ==> ignore
    arg [cmTC_f40c6] ==> ignore
    arg [/usr/lib/gcc/x86_64-pc-linux-gnu/8.3.0/../../../../lib/Scrt1.o] ==> ignore
    arg [/usr/lib/gcc/x86_64-pc-linux-gnu/8.3.0/../../../../lib/crti.o] ==> ignore
    arg [/usr/lib/gcc/x86_64-pc-linux-gnu/8.3.0/crtbeginS.o] ==> ignore
    arg [-L/usr/lib/gcc/x86_64-pc-linux-gnu/8.3.0] ==> dir [/usr/lib/gcc/x86_64-pc-linux-gnu/8.3.0]
    arg [-L/usr/lib/gcc/x86_64-pc-linux-gnu/8.3.0/../../../../lib] ==> dir [/usr/lib/gcc/x86_64-pc-linux-gnu/8.3.0/../../../../lib]
    arg [-L/lib/../lib] ==> dir [/lib/../lib]
    arg [-L/usr/lib/../lib] ==> dir [/usr/lib/../lib]
    arg [-L/usr/lib/gcc/x86_64-pc-linux-gnu/8.3.0/../../..] ==> dir [/usr/lib/gcc/x86_64-pc-linux-gnu/8.3.0/../../..]
    arg [CMakeFiles/cmTC_f40c6.dir/CMakeCXXCompilerABI.cpp.o] ==> ignore
    arg [-lstdc++] ==> lib [stdc++]
    arg [-lm] ==> lib [m]
    arg [-lgcc_s] ==> lib [gcc_s]
    arg [-lgcc] ==> lib [gcc]
    arg [-lc] ==> lib [c]
    arg [-lgcc_s] ==> lib [gcc_s]
    arg [-lgcc] ==> lib [gcc]
    arg [/usr/lib/gcc/x86_64-pc-linux-gnu/8.3.0/crtendS.o] ==> ignore
    arg [/usr/lib/gcc/x86_64-pc-linux-gnu/8.3.0/../../../../lib/crtn.o] ==> ignore
  collapse library dir [/usr/lib/gcc/x86_64-pc-linux-gnu/8.3.0] ==> [/usr/lib/gcc/x86_64-pc-linux-gnu/8.3.0]
  collapse library dir [/usr/lib/gcc/x86_64-pc-linux-gnu/8.3.0/../../../../lib] ==> [/usr/lib]
  collapse library dir [/lib/../lib] ==> [/lib]
  collapse library dir [/usr/lib/../lib] ==> [/usr/lib]
  collapse library dir [/usr/lib/gcc/x86_64-pc-linux-gnu/8.3.0/../../..] ==> [/usr/lib]
  implicit libs: [stdc++;m;gcc_s;gcc;c;gcc_s;gcc]
  implicit dirs: [/usr/lib/gcc/x86_64-pc-linux-gnu/8.3.0;/usr/lib;/lib]
  implicit fwks: []




Detecting CXX [-std=c++2a] compiler features compiled with the following output:
Change Dir: /home/ozone/CLionProjects/TSiSA_05/cmake-build-debug/CMakeFiles/CMakeTmp

Run Build Command(s):/usr/bin/make cmTC_36201/fast 
/usr/bin/make -f CMakeFiles/cmTC_36201.dir/build.make CMakeFiles/cmTC_36201.dir/build
make[1]: вход в каталог «/home/ozone/CLionProjects/TSiSA_05/cmake-build-debug/CMakeFiles/CMakeTmp»
Building CXX object CMakeFiles/cmTC_36201.dir/feature_tests.cxx.o
/usr/bin/g++-8    -std=c++2a -o CMakeFiles/cmTC_36201.dir/feature_tests.cxx.o -c /home/ozone/CLionProjects/TSiSA_05/cmake-build-debug/CMakeFiles/feature_tests.cxx
Linking CXX executable cmTC_36201
/home/ozone/.local/share/JetBrains/Toolbox/apps/CLion/ch-0/192.6262.62/bin/cmake/linux/bin/cmake -E cmake_link_script CMakeFiles/cmTC_36201.dir/link.txt --verbose=1
/usr/bin/g++-8       CMakeFiles/cmTC_36201.dir/feature_tests.cxx.o  -o cmTC_36201 
make[1]: выход из каталога «/home/ozone/CLionProjects/TSiSA_05/cmake-build-debug/CMakeFiles/CMakeTmp»


    Feature record: CXX_FEATURE:1cxx_aggregate_default_initializers
    Feature record: CXX_FEATURE:1cxx_alias_templates
    Feature record: CXX_FEATURE:1cxx_alignas
    Feature record: CXX_FEATURE:1cxx_alignof
    Feature record: CXX_FEATURE:1cxx_attributes
    Feature record: CXX_FEATURE:1cxx_attribute_deprecated
    Feature record: CXX_FEATURE:1cxx_auto_type
    Feature record: CXX_FEATURE:1cxx_binary_literals
    Feature record: CXX_FEATURE:1cxx_constexpr
    Feature record: CXX_FEATURE:1cxx_contextual_conversions
    Feature record: CXX_FEATURE:1cxx_decltype
    Feature record: CXX_FEATURE:1cxx_decltype_auto
    Feature record: CXX_FEATURE:1cxx_decltype_incomplete_return_types
    Feature record: CXX_FEATURE:1cxx_default_function_template_args
    Feature record: CXX_FEATURE:1cxx_defaulted_functions
    Feature record: CXX_FEATURE:1cxx_defaulted_move_initializers
    Feature record: CXX_FEATURE:1cxx_delegating_constructors
    Feature record: CXX_FEATURE:1cxx_deleted_functions
    Feature record: CXX_FEATURE:1cxx_digit_separators
    Feature record: CXX_FEATURE:1cxx_enum_forward_declarations
    Feature record: CXX_FEATURE:1cxx_explicit_conversions
    Feature record: CXX_FEATURE:1cxx_extended_friend_declarations
    Feature record: CXX_FEATURE:1cxx_extern_templates
    Feature record: CXX_FEATURE:1cxx_final
    Feature record: CXX_FEATURE:1cxx_func_identifier
    Feature record: CXX_FEATURE:1cxx_generalized_initializers
    Feature record: CXX_FEATURE:1cxx_generic_lambdas
    Feature record: CXX_FEATURE:1cxx_inheriting_constructors
    Feature record: CXX_FEATURE:1cxx_inline_namespaces
    Feature record: CXX_FEATURE:1cxx_lambdas
    Feature record: CXX_FEATURE:1cxx_lambda_init_captures
    Feature record: CXX_FEATURE:1cxx_local_type_template_args
    Feature record: CXX_FEATURE:1cxx_long_long_type
    Feature record: CXX_FEATURE:1cxx_noexcept
    Feature record: CXX_FEATURE:1cxx_nonstatic_member_init
    Feature record: CXX_FEATURE:1cxx_nullptr
    Feature record: CXX_FEATURE:1cxx_override
    Feature record: CXX_FEATURE:1cxx_range_for
    Feature record: CXX_FEATURE:1cxx_raw_string_literals
    Feature record: CXX_FEATURE:1cxx_reference_qualified_functions
    Feature record: CXX_FEATURE:1cxx_relaxed_constexpr
    Feature record: CXX_FEATURE:1cxx_return_type_deduction
    Feature record: CXX_FEATURE:1cxx_right_angle_brackets
    Feature record: CXX_FEATURE:1cxx_rvalue_references
    Feature record: CXX_FEATURE:1cxx_sizeof_member
    Feature record: CXX_FEATURE:1cxx_static_assert
    Feature record: CXX_FEATURE:1cxx_strong_enums
    Feature record: CXX_FEATURE:1cxx_template_template_parameters
    Feature record: CXX_FEATURE:1cxx_thread_local
    Feature record: CXX_FEATURE:1cxx_trailing_return_types
    Feature record: CXX_FEATURE:1cxx_unicode_literals
    Feature record: CXX_FEATURE:1cxx_uniform_initialization
    Feature record: CXX_FEATURE:1cxx_unrestricted_unions
    Feature record: CXX_FEATURE:1cxx_user_literals
    Feature record: CXX_FEATURE:1cxx_variable_templates
    Feature record: CXX_FEATURE:1cxx_variadic_macros
    Feature record: CXX_FEATURE:1cxx_variadic_templates


Detecting CXX [-std=c++17] compiler features compiled with the following output:
Change Dir: /home/ozone/CLionProjects/TSiSA_05/cmake-build-debug/CMakeFiles/CMakeTmp

Run Build Command(s):/usr/bin/make cmTC_93d89/fast 
/usr/bin/make -f CMakeFiles/cmTC_93d89.dir/build.make CMakeFiles/cmTC_93d89.dir/build
make[1]: вход в каталог «/home/ozone/CLionProjects/TSiSA_05/cmake-build-debug/CMakeFiles/CMakeTmp»
Building CXX object CMakeFiles/cmTC_93d89.dir/feature_tests.cxx.o
/usr/bin/g++-8    -std=c++17 -o CMakeFiles/cmTC_93d89.dir/feature_tests.cxx.o -c /home/ozone/CLionProjects/TSiSA_05/cmake-build-debug/CMakeFiles/feature_tests.cxx
Linking CXX executable cmTC_93d89
/home/ozone/.local/share/JetBrains/Toolbox/apps/CLion/ch-0/192.6262.62/bin/cmake/linux/bin/cmake -E cmake_link_script CMakeFiles/cmTC_93d89.dir/link.txt --verbose=1
/usr/bin/g++-8       CMakeFiles/cmTC_93d89.dir/feature_tests.cxx.o  -o cmTC_93d89 
make[1]: выход из каталога «/home/ozone/CLionProjects/TSiSA_05/cmake-build-debug/CMakeFiles/CMakeTmp»


    Feature record: CXX_FEATURE:1cxx_aggregate_default_initializers
    Feature record: CXX_FEATURE:1cxx_alias_templates
    Feature record: CXX_FEATURE:1cxx_alignas
    Feature record: CXX_FEATURE:1cxx_alignof
    Feature record: CXX_FEATURE:1cxx_attributes
    Feature record: CXX_FEATURE:1cxx_attribute_deprecated
    Feature record: CXX_FEATURE:1cxx_auto_type
    Feature record: CXX_FEATURE:1cxx_binary_literals
    Feature record: CXX_FEATURE:1cxx_constexpr
    Feature record: CXX_FEATURE:1cxx_contextual_conversions
    Feature record: CXX_FEATURE:1cxx_decltype
    Feature record: CXX_FEATURE:1cxx_decltype_auto
    Feature record: CXX_FEATURE:1cxx_decltype_incomplete_return_types
    Feature record: CXX_FEATURE:1cxx_default_function_template_args
    Feature record: CXX_FEATURE:1cxx_defaulted_functions
    Feature record: CXX_FEATURE:1cxx_defaulted_move_initializers
    Feature record: CXX_FEATURE:1cxx_delegating_constructors
    Feature record: CXX_FEATURE:1cxx_deleted_functions
    Feature record: CXX_FEATURE:1cxx_digit_separators
    Feature record: CXX_FEATURE:1cxx_enum_forward_declarations
    Feature record: CXX_FEATURE:1cxx_explicit_conversions
    Feature record: CXX_FEATURE:1cxx_extended_friend_declarations
    Feature record: CXX_FEATURE:1cxx_extern_templates
    Feature record: CXX_FEATURE:1cxx_final
    Feature record: CXX_FEATURE:1cxx_func_identifier
    Feature record: CXX_FEATURE:1cxx_generalized_initializers
    Feature record: CXX_FEATURE:1cxx_generic_lambdas
    Feature record: CXX_FEATURE:1cxx_inheriting_constructors
    Feature record: CXX_FEATURE:1cxx_inline_namespaces
    Feature record: CXX_FEATURE:1cxx_lambdas
    Feature record: CXX_FEATURE:1cxx_lambda_init_captures
    Feature record: CXX_FEATURE:1cxx_local_type_template_args
    Feature record: CXX_FEATURE:1cxx_long_long_type
    Feature record: CXX_FEATURE:1cxx_noexcept
    Feature record: CXX_FEATURE:1cxx_nonstatic_member_init
    Feature record: CXX_FEATURE:1cxx_nullptr
    Feature record: CXX_FEATURE:1cxx_override
    Feature record: CXX_FEATURE:1cxx_range_for
    Feature record: CXX_FEATURE:1cxx_raw_string_literals
    Feature record: CXX_FEATURE:1cxx_reference_qualified_functions
    Feature record: CXX_FEATURE:1cxx_relaxed_constexpr
    Feature record: CXX_FEATURE:1cxx_return_type_deduction
    Feature record: CXX_FEATURE:1cxx_right_angle_brackets
    Feature record: CXX_FEATURE:1cxx_rvalue_references
    Feature record: CXX_FEATURE:1cxx_sizeof_member
    Feature record: CXX_FEATURE:1cxx_static_assert
    Feature record: CXX_FEATURE:1cxx_strong_enums
    Feature record: CXX_FEATURE:1cxx_template_template_parameters
    Feature record: CXX_FEATURE:1cxx_thread_local
    Feature record: CXX_FEATURE:1cxx_trailing_return_types
    Feature record: CXX_FEATURE:1cxx_unicode_literals
    Feature record: CXX_FEATURE:1cxx_uniform_initialization
    Feature record: CXX_FEATURE:1cxx_unrestricted_unions
    Feature record: CXX_FEATURE:1cxx_user_literals
    Feature record: CXX_FEATURE:1cxx_variable_templates
    Feature record: CXX_FEATURE:1cxx_variadic_macros
    Feature record: CXX_FEATURE:1cxx_variadic_templates


Detecting CXX [-std=c++14] compiler features compiled with the following output:
Change Dir: /home/ozone/CLionProjects/TSiSA_05/cmake-build-debug/CMakeFiles/CMakeTmp

Run Build Command(s):/usr/bin/make cmTC_47731/fast 
/usr/bin/make -f CMakeFiles/cmTC_47731.dir/build.make CMakeFiles/cmTC_47731.dir/build
make[1]: вход в каталог «/home/ozone/CLionProjects/TSiSA_05/cmake-build-debug/CMakeFiles/CMakeTmp»
Building CXX object CMakeFiles/cmTC_47731.dir/feature_tests.cxx.o
/usr/bin/g++-8    -std=c++14 -o CMakeFiles/cmTC_47731.dir/feature_tests.cxx.o -c /home/ozone/CLionProjects/TSiSA_05/cmake-build-debug/CMakeFiles/feature_tests.cxx
Linking CXX executable cmTC_47731
/home/ozone/.local/share/JetBrains/Toolbox/apps/CLion/ch-0/192.6262.62/bin/cmake/linux/bin/cmake -E cmake_link_script CMakeFiles/cmTC_47731.dir/link.txt --verbose=1
/usr/bin/g++-8       CMakeFiles/cmTC_47731.dir/feature_tests.cxx.o  -o cmTC_47731 
make[1]: выход из каталога «/home/ozone/CLionProjects/TSiSA_05/cmake-build-debug/CMakeFiles/CMakeTmp»


    Feature record: CXX_FEATURE:1cxx_aggregate_default_initializers
    Feature record: CXX_FEATURE:1cxx_alias_templates
    Feature record: CXX_FEATURE:1cxx_alignas
    Feature record: CXX_FEATURE:1cxx_alignof
    Feature record: CXX_FEATURE:1cxx_attributes
    Feature record: CXX_FEATURE:1cxx_attribute_deprecated
    Feature record: CXX_FEATURE:1cxx_auto_type
    Feature record: CXX_FEATURE:1cxx_binary_literals
    Feature record: CXX_FEATURE:1cxx_constexpr
    Feature record: CXX_FEATURE:1cxx_contextual_conversions
    Feature record: CXX_FEATURE:1cxx_decltype
    Feature record: CXX_FEATURE:1cxx_decltype_auto
    Feature record: CXX_FEATURE:1cxx_decltype_incomplete_return_types
    Feature record: CXX_FEATURE:1cxx_default_function_template_args
    Feature record: CXX_FEATURE:1cxx_defaulted_functions
    Feature record: CXX_FEATURE:1cxx_defaulted_move_initializers
    Feature record: CXX_FEATURE:1cxx_delegating_constructors
    Feature record: CXX_FEATURE:1cxx_deleted_functions
    Feature record: CXX_FEATURE:1cxx_digit_separators
    Feature record: CXX_FEATURE:1cxx_enum_forward_declarations
    Feature record: CXX_FEATURE:1cxx_explicit_conversions
    Feature record: CXX_FEATURE:1cxx_extended_friend_declarations
    Feature record: CXX_FEATURE:1cxx_extern_templates
    Feature record: CXX_FEATURE:1cxx_final
    Feature record: CXX_FEATURE:1cxx_func_identifier
    Feature record: CXX_FEATURE:1cxx_generalized_initializers
    Feature record: CXX_FEATURE:1cxx_generic_lambdas
    Feature record: CXX_FEATURE:1cxx_inheriting_constructors
    Feature record: CXX_FEATURE:1cxx_inline_namespaces
    Feature record: CXX_FEATURE:1cxx_lambdas
    Feature record: CXX_FEATURE:1cxx_lambda_init_captures
    Feature record: CXX_FEATURE:1cxx_local_type_template_args
    Feature record: CXX_FEATURE:1cxx_long_long_type
    Feature record: CXX_FEATURE:1cxx_noexcept
    Feature record: CXX_FEATURE:1cxx_nonstatic_member_init
    Feature record: CXX_FEATURE:1cxx_nullptr
    Feature record: CXX_FEATURE:1cxx_override
    Feature record: CXX_FEATURE:1cxx_range_for
    Feature record: CXX_FEATURE:1cxx_raw_string_literals
    Feature record: CXX_FEATURE:1cxx_reference_qualified_functions
    Feature record: CXX_FEATURE:1cxx_relaxed_constexpr
    Feature record: CXX_FEATURE:1cxx_return_type_deduction
    Feature record: CXX_FEATURE:1cxx_right_angle_brackets
    Feature record: CXX_FEATURE:1cxx_rvalue_references
    Feature record: CXX_FEATURE:1cxx_sizeof_member
    Feature record: CXX_FEATURE:1cxx_static_assert
    Feature record: CXX_FEATURE:1cxx_strong_enums
    Feature record: CXX_FEATURE:1cxx_template_template_parameters
    Feature record: CXX_FEATURE:1cxx_thread_local
    Feature record: CXX_FEATURE:1cxx_trailing_return_types
    Feature record: CXX_FEATURE:1cxx_unicode_literals
    Feature record: CXX_FEATURE:1cxx_uniform_initialization
    Feature record: CXX_FEATURE:1cxx_unrestricted_unions
    Feature record: CXX_FEATURE:1cxx_user_literals
    Feature record: CXX_FEATURE:1cxx_variable_templates
    Feature record: CXX_FEATURE:1cxx_variadic_macros
    Feature record: CXX_FEATURE:1cxx_variadic_templates


Detecting CXX [-std=c++11] compiler features compiled with the following output:
Change Dir: /home/ozone/CLionProjects/TSiSA_05/cmake-build-debug/CMakeFiles/CMakeTmp

Run Build Command(s):/usr/bin/make cmTC_e6d50/fast 
/usr/bin/make -f CMakeFiles/cmTC_e6d50.dir/build.make CMakeFiles/cmTC_e6d50.dir/build
make[1]: вход в каталог «/home/ozone/CLionProjects/TSiSA_05/cmake-build-debug/CMakeFiles/CMakeTmp»
Building CXX object CMakeFiles/cmTC_e6d50.dir/feature_tests.cxx.o
/usr/bin/g++-8    -std=c++11 -o CMakeFiles/cmTC_e6d50.dir/feature_tests.cxx.o -c /home/ozone/CLionProjects/TSiSA_05/cmake-build-debug/CMakeFiles/feature_tests.cxx
Linking CXX executable cmTC_e6d50
/home/ozone/.local/share/JetBrains/Toolbox/apps/CLion/ch-0/192.6262.62/bin/cmake/linux/bin/cmake -E cmake_link_script CMakeFiles/cmTC_e6d50.dir/link.txt --verbose=1
/usr/bin/g++-8       CMakeFiles/cmTC_e6d50.dir/feature_tests.cxx.o  -o cmTC_e6d50 
make[1]: выход из каталога «/home/ozone/CLionProjects/TSiSA_05/cmake-build-debug/CMakeFiles/CMakeTmp»


    Feature record: CXX_FEATURE:0cxx_aggregate_default_initializers
    Feature record: CXX_FEATURE:1cxx_alias_templates
    Feature record: CXX_FEATURE:1cxx_alignas
    Feature record: CXX_FEATURE:1cxx_alignof
    Feature record: CXX_FEATURE:1cxx_attributes
    Feature record: CXX_FEATURE:0cxx_attribute_deprecated
    Feature record: CXX_FEATURE:1cxx_auto_type
    Feature record: CXX_FEATURE:0cxx_binary_literals
    Feature record: CXX_FEATURE:1cxx_constexpr
    Feature record: CXX_FEATURE:0cxx_contextual_conversions
    Feature record: CXX_FEATURE:1cxx_decltype
    Feature record: CXX_FEATURE:0cxx_decltype_auto
    Feature record: CXX_FEATURE:1cxx_decltype_incomplete_return_types
    Feature record: CXX_FEATURE:1cxx_default_function_template_args
    Feature record: CXX_FEATURE:1cxx_defaulted_functions
    Feature record: CXX_FEATURE:1cxx_defaulted_move_initializers
    Feature record: CXX_FEATURE:1cxx_delegating_constructors
    Feature record: CXX_FEATURE:1cxx_deleted_functions
    Feature record: CXX_FEATURE:0cxx_digit_separators
    Feature record: CXX_FEATURE:1cxx_enum_forward_declarations
    Feature record: CXX_FEATURE:1cxx_explicit_conversions
    Feature record: CXX_FEATURE:1cxx_extended_friend_declarations
    Feature record: CXX_FEATURE:1cxx_extern_templates
    Feature record: CXX_FEATURE:1cxx_final
    Feature record: CXX_FEATURE:1cxx_func_identifier
    Feature record: CXX_FEATURE:1cxx_generalized_initializers
    Feature record: CXX_FEATURE:0cxx_generic_lambdas
    Feature record: CXX_FEATURE:1cxx_inheriting_constructors
    Feature record: CXX_FEATURE:1cxx_inline_namespaces
    Feature record: CXX_FEATURE:1cxx_lambdas
    Feature record: CXX_FEATURE:0cxx_lambda_init_captures
    Feature record: CXX_FEATURE:1cxx_local_type_template_args
    Feature record: CXX_FEATURE:1cxx_long_long_type
    Feature record: CXX_FEATURE:1cxx_noexcept
    Feature record: CXX_FEATURE:1cxx_nonstatic_member_init
    Feature record: CXX_FEATURE:1cxx_nullptr
    Feature record: CXX_FEATURE:1cxx_override
    Feature record: CXX_FEATURE:1cxx_range_for
    Feature record: CXX_FEATURE:1cxx_raw_string_literals
    Feature record: CXX_FEATURE:1cxx_reference_qualified_functions
    Feature record: CXX_FEATURE:0cxx_relaxed_constexpr
    Feature record: CXX_FEATURE:0cxx_return_type_deduction
    Feature record: CXX_FEATURE:1cxx_right_angle_brackets
    Feature record: CXX_FEATURE:1cxx_rvalue_references
    Feature record: CXX_FEATURE:1cxx_sizeof_member
    Feature record: CXX_FEATURE:1cxx_static_assert
    Feature record: CXX_FEATURE:1cxx_strong_enums
    Feature record: CXX_FEATURE:1cxx_template_template_parameters
    Feature record: CXX_FEATURE:1cxx_thread_local
    Feature record: CXX_FEATURE:1cxx_trailing_return_types
    Feature record: CXX_FEATURE:1cxx_unicode_literals
    Feature record: CXX_FEATURE:1cxx_uniform_initialization
    Feature record: CXX_FEATURE:1cxx_unrestricted_unions
    Feature record: CXX_FEATURE:1cxx_user_literals
    Feature record: CXX_FEATURE:0cxx_variable_templates
    Feature record: CXX_FEATURE:1cxx_variadic_macros
    Feature record: CXX_FEATURE:1cxx_variadic_templates


Detecting CXX [-std=c++98] compiler features compiled with the following output:
Change Dir: /home/ozone/CLionProjects/TSiSA_05/cmake-build-debug/CMakeFiles/CMakeTmp

Run Build Command(s):/usr/bin/make cmTC_b9ade/fast 
/usr/bin/make -f CMakeFiles/cmTC_b9ade.dir/build.make CMakeFiles/cmTC_b9ade.dir/build
make[1]: вход в каталог «/home/ozone/CLionProjects/TSiSA_05/cmake-build-debug/CMakeFiles/CMakeTmp»
Building CXX object CMakeFiles/cmTC_b9ade.dir/feature_tests.cxx.o
/usr/bin/g++-8    -std=c++98 -o CMakeFiles/cmTC_b9ade.dir/feature_tests.cxx.o -c /home/ozone/CLionProjects/TSiSA_05/cmake-build-debug/CMakeFiles/feature_tests.cxx
Linking CXX executable cmTC_b9ade
/home/ozone/.local/share/JetBrains/Toolbox/apps/CLion/ch-0/192.6262.62/bin/cmake/linux/bin/cmake -E cmake_link_script CMakeFiles/cmTC_b9ade.dir/link.txt --verbose=1
/usr/bin/g++-8       CMakeFiles/cmTC_b9ade.dir/feature_tests.cxx.o  -o cmTC_b9ade 
make[1]: выход из каталога «/home/ozone/CLionProjects/TSiSA_05/cmake-build-debug/CMakeFiles/CMakeTmp»


    Feature record: CXX_FEATURE:0cxx_aggregate_default_initializers
    Feature record: CXX_FEATURE:0cxx_alias_templates
    Feature record: CXX_FEATURE:0cxx_alignas
    Feature record: CXX_FEATURE:0cxx_alignof
    Feature record: CXX_FEATURE:0cxx_attributes
    Feature record: CXX_FEATURE:0cxx_attribute_deprecated
    Feature record: CXX_FEATURE:0cxx_auto_type
    Feature record: CXX_FEATURE:0cxx_binary_literals
    Feature record: CXX_FEATURE:0cxx_constexpr
    Feature record: CXX_FEATURE:0cxx_contextual_conversions
    Feature record: CXX_FEATURE:0cxx_decltype
    Feature record: CXX_FEATURE:0cxx_decltype_auto
    Feature record: CXX_FEATURE:0cxx_decltype_incomplete_return_types
    Feature record: CXX_FEATURE:0cxx_default_function_template_args
    Feature record: CXX_FEATURE:0cxx_defaulted_functions
    Feature record: CXX_FEATURE:0cxx_defaulted_move_initializers
    Feature record: CXX_FEATURE:0cxx_delegating_constructors
    Feature record: CXX_FEATURE:0cxx_deleted_functions
    Feature record: CXX_FEATURE:0cxx_digit_separators
    Feature record: CXX_FEATURE:0cxx_enum_forward_declarations
    Feature record: CXX_FEATURE:0cxx_explicit_conversions
    Feature record: CXX_FEATURE:0cxx_extended_friend_declarations
    Feature record: CXX_FEATURE:0cxx_extern_templates
    Feature record: CXX_FEATURE:0cxx_final
    Feature record: CXX_FEATURE:0cxx_func_identifier
    Feature record: CXX_FEATURE:0cxx_generalized_initializers
    Feature record: CXX_FEATURE:0cxx_generic_lambdas
    Feature record: CXX_FEATURE:0cxx_inheriting_constructors
    Feature record: CXX_FEATURE:0cxx_inline_namespaces
    Feature record: CXX_FEATURE:0cxx_lambdas
    Feature record: CXX_FEATURE:0cxx_lambda_init_captures
    Feature record: CXX_FEATURE:0cxx_local_type_template_args
    Feature record: CXX_FEATURE:0cxx_long_long_type
    Feature record: CXX_FEATURE:0cxx_noexcept
    Feature record: CXX_FEATURE:0cxx_nonstatic_member_init
    Feature record: CXX_FEATURE:0cxx_nullptr
    Feature record: CXX_FEATURE:0cxx_override
    Feature record: CXX_FEATURE:0cxx_range_for
    Feature record: CXX_FEATURE:0cxx_raw_string_literals
    Feature record: CXX_FEATURE:0cxx_reference_qualified_functions
    Feature record: CXX_FEATURE:0cxx_relaxed_constexpr
    Feature record: CXX_FEATURE:0cxx_return_type_deduction
    Feature record: CXX_FEATURE:0cxx_right_angle_brackets
    Feature record: CXX_FEATURE:0cxx_rvalue_references
    Feature record: CXX_FEATURE:0cxx_sizeof_member
    Feature record: CXX_FEATURE:0cxx_static_assert
    Feature record: CXX_FEATURE:0cxx_strong_enums
    Feature record: CXX_FEATURE:1cxx_template_template_parameters
    Feature record: CXX_FEATURE:0cxx_thread_local
    Feature record: CXX_FEATURE:0cxx_trailing_return_types
    Feature record: CXX_FEATURE:0cxx_unicode_literals
    Feature record: CXX_FEATURE:0cxx_uniform_initialization
    Feature record: CXX_FEATURE:0cxx_unrestricted_unions
    Feature record: CXX_FEATURE:0cxx_user_literals
    Feature record: CXX_FEATURE:0cxx_variable_templates
    Feature record: CXX_FEATURE:0cxx_variadic_macros
    Feature record: CXX_FEATURE:0cxx_variadic_templates
